2022-05-24 10:57:59,144 - root - INFO - Namespace(seed=2019, data_name='ml-1m', data_dir='datasets/', use_pretrain=0, pretrain_embedding_dir='datasets/pretrain/', pretrain_model_path='trained_model/model.pth', cf_batch_size=1024, kg_batch_size=2048, test_batch_size=10000, embed_dim=64, relation_dim=64, laplacian_type='random-walk', aggregation_type='bi-interaction', conv_dim_list='[64, 32, 16]', mess_dropout='[0.1, 0.1, 0.1]', kg_l2loss_lambda=1e-05, cf_l2loss_lambda=1e-05, lr=0.0001, n_epoch=1000, stopping_steps=10, cf_print_every=1, kg_print_every=1, evaluate_every=1, Ks='[20, 40, 60, 80, 100]', save_dir='trained_model/KGAT/ml-1m/embed-dim64_relation-dim64_random-walk_bi-interaction_64-32-16_lr0.0001_pretrain0/')
2022-05-24 10:58:44,867 - root - INFO - n_users:           6040
2022-05-24 10:58:44,867 - root - INFO - n_items:           3260
2022-05-24 10:58:44,867 - root - INFO - n_entities:        14708
2022-05-24 10:58:44,867 - root - INFO - n_users_entities:  20748
2022-05-24 10:58:44,867 - root - INFO - n_relations:       42
2022-05-24 10:58:44,867 - root - INFO - n_h_list:          1772182
2022-05-24 10:58:44,867 - root - INFO - n_t_list:          1772182
2022-05-24 10:58:44,868 - root - INFO - n_r_list:          1772182
2022-05-24 10:58:44,868 - root - INFO - n_cf_train:        457314
2022-05-24 10:58:44,868 - root - INFO - n_cf_test:         117327
2022-05-24 10:58:44,868 - root - INFO - n_kg_train:        1772182
2022-05-24 10:58:48,253 - root - INFO - KGAT(
  (entity_user_embed): Embedding(20748, 64)
  (relation_embed): Embedding(42, 64)
  (aggregator_layers): ModuleList(
    (0): Aggregator(
      (message_dropout): Dropout(p=0.1, inplace=False)
      (activation): LeakyReLU(negative_slope=0.01)
      (linear1): Linear(in_features=64, out_features=64, bias=True)
      (linear2): Linear(in_features=64, out_features=64, bias=True)
    )
    (1): Aggregator(
      (message_dropout): Dropout(p=0.1, inplace=False)
      (activation): LeakyReLU(negative_slope=0.01)
      (linear1): Linear(in_features=64, out_features=32, bias=True)
      (linear2): Linear(in_features=64, out_features=32, bias=True)
    )
    (2): Aggregator(
      (message_dropout): Dropout(p=0.1, inplace=False)
      (activation): LeakyReLU(negative_slope=0.01)
      (linear1): Linear(in_features=32, out_features=16, bias=True)
      (linear2): Linear(in_features=32, out_features=16, bias=True)
    )
  )
)
2022-05-24 10:59:44,513 - root - INFO - Update Attention: Epoch 0001 | Total Time 0.2s
2022-05-24 10:59:44,513 - root - INFO - CF + KG Training: Epoch 0001 | Total Time 56.3s
2022-05-24 10:59:45,414 - root - INFO - CF Evaluation: Epoch 0001 | Total Time 0.9s | Precision [0.0524, 0.0352], Recall [0.0763, 0.2306], NDCG [0.0743, 0.1304]
2022-05-24 10:59:45,449 - root - INFO - Save model on epoch 0001!
2022-05-24 11:00:37,613 - root - INFO - Update Attention: Epoch 0002 | Total Time 0.2s
2022-05-24 11:00:37,613 - root - INFO - CF + KG Training: Epoch 0002 | Total Time 52.2s
2022-05-24 11:00:38,507 - root - INFO - CF Evaluation: Epoch 0002 | Total Time 0.9s | Precision [0.0655, 0.0424], Recall [0.0948, 0.2720], NDCG [0.0957, 0.1602]
2022-05-24 11:00:38,545 - root - INFO - Save model on epoch 0002!
2022-05-24 11:01:30,605 - root - INFO - Update Attention: Epoch 0003 | Total Time 0.2s
2022-05-24 11:01:30,605 - root - INFO - CF + KG Training: Epoch 0003 | Total Time 52.1s
2022-05-24 11:01:31,497 - root - INFO - CF Evaluation: Epoch 0003 | Total Time 0.9s | Precision [0.0630, 0.0434], Recall [0.0898, 0.2725], NDCG [0.0909, 0.1578]
2022-05-24 11:02:23,275 - root - INFO - Update Attention: Epoch 0004 | Total Time 0.2s
2022-05-24 11:02:23,275 - root - INFO - CF + KG Training: Epoch 0004 | Total Time 51.8s
2022-05-24 11:02:24,174 - root - INFO - CF Evaluation: Epoch 0004 | Total Time 0.9s | Precision [0.0671, 0.0456], Recall [0.0938, 0.2806], NDCG [0.0961, 0.1641]
2022-05-24 11:03:16,275 - root - INFO - Update Attention: Epoch 0005 | Total Time 0.2s
2022-05-24 11:03:16,276 - root - INFO - CF + KG Training: Epoch 0005 | Total Time 52.1s
2022-05-24 11:03:17,171 - root - INFO - CF Evaluation: Epoch 0005 | Total Time 0.9s | Precision [0.0691, 0.0470], Recall [0.0954, 0.2833], NDCG [0.0999, 0.1679]
2022-05-24 11:03:17,209 - root - INFO - Save model on epoch 0005!
2022-05-24 11:04:09,544 - root - INFO - Update Attention: Epoch 0006 | Total Time 0.2s
2022-05-24 11:04:09,544 - root - INFO - CF + KG Training: Epoch 0006 | Total Time 52.3s
2022-05-24 11:04:10,439 - root - INFO - CF Evaluation: Epoch 0006 | Total Time 0.9s | Precision [0.0694, 0.0482], Recall [0.0941, 0.2870], NDCG [0.1015, 0.1715]
2022-05-24 11:05:11,321 - root - INFO - Update Attention: Epoch 0007 | Total Time 0.2s
2022-05-24 11:05:11,321 - root - INFO - CF + KG Training: Epoch 0007 | Total Time 60.9s
2022-05-24 11:05:12,214 - root - INFO - CF Evaluation: Epoch 0007 | Total Time 0.9s | Precision [0.0722, 0.0496], Recall [0.0957, 0.2936], NDCG [0.1043, 0.1753]
2022-05-24 11:05:12,252 - root - INFO - Save model on epoch 0007!
2022-05-24 11:06:04,126 - root - INFO - Update Attention: Epoch 0008 | Total Time 0.2s
2022-05-24 11:06:04,126 - root - INFO - CF + KG Training: Epoch 0008 | Total Time 51.9s
2022-05-24 11:06:05,009 - root - INFO - CF Evaluation: Epoch 0008 | Total Time 0.9s | Precision [0.0742, 0.0517], Recall [0.0974, 0.3084], NDCG [0.1050, 0.1797]
2022-05-24 11:06:05,048 - root - INFO - Save model on epoch 0008!
2022-05-24 11:06:58,335 - root - INFO - Update Attention: Epoch 0009 | Total Time 0.2s
2022-05-24 11:06:58,335 - root - INFO - CF + KG Training: Epoch 0009 | Total Time 53.3s
2022-05-24 11:06:59,228 - root - INFO - CF Evaluation: Epoch 0009 | Total Time 0.9s | Precision [0.0758, 0.0533], Recall [0.0986, 0.3225], NDCG [0.1055, 0.1846]
2022-05-24 11:06:59,267 - root - INFO - Save model on epoch 0009!
2022-05-24 11:07:51,797 - root - INFO - Update Attention: Epoch 0010 | Total Time 0.2s
2022-05-24 11:07:51,797 - root - INFO - CF + KG Training: Epoch 0010 | Total Time 52.5s
2022-05-24 11:07:52,676 - root - INFO - CF Evaluation: Epoch 0010 | Total Time 0.9s | Precision [0.0776, 0.0541], Recall [0.0991, 0.3277], NDCG [0.1068, 0.1869]
2022-05-24 11:07:52,715 - root - INFO - Save model on epoch 0010!
2022-05-24 11:08:45,450 - root - INFO - Update Attention: Epoch 0011 | Total Time 0.2s
2022-05-24 11:08:45,450 - root - INFO - CF + KG Training: Epoch 0011 | Total Time 52.7s
2022-05-24 11:08:46,344 - root - INFO - CF Evaluation: Epoch 0011 | Total Time 0.9s | Precision [0.0778, 0.0545], Recall [0.1002, 0.3307], NDCG [0.1049, 0.1863]
2022-05-24 11:08:46,382 - root - INFO - Save model on epoch 0011!
2022-05-24 11:09:38,955 - root - INFO - Update Attention: Epoch 0012 | Total Time 0.2s
2022-05-24 11:09:38,955 - root - INFO - CF + KG Training: Epoch 0012 | Total Time 52.6s
2022-05-24 11:09:39,848 - root - INFO - CF Evaluation: Epoch 0012 | Total Time 0.9s | Precision [0.0785, 0.0549], Recall [0.1010, 0.3333], NDCG [0.1054, 0.1872]
2022-05-24 11:09:39,887 - root - INFO - Save model on epoch 0012!
2022-05-24 11:10:32,286 - root - INFO - Update Attention: Epoch 0013 | Total Time 0.2s
2022-05-24 11:10:32,286 - root - INFO - CF + KG Training: Epoch 0013 | Total Time 52.4s
2022-05-24 11:10:33,180 - root - INFO - CF Evaluation: Epoch 0013 | Total Time 0.9s | Precision [0.0804, 0.0552], Recall [0.1032, 0.3358], NDCG [0.1077, 0.1894]
2022-05-24 11:10:33,218 - root - INFO - Save model on epoch 0013!
2022-05-24 11:11:26,580 - root - INFO - Update Attention: Epoch 0014 | Total Time 0.2s
2022-05-24 11:11:26,580 - root - INFO - CF + KG Training: Epoch 0014 | Total Time 53.4s
2022-05-24 11:11:27,475 - root - INFO - CF Evaluation: Epoch 0014 | Total Time 0.9s | Precision [0.0841, 0.0569], Recall [0.1070, 0.3428], NDCG [0.1126, 0.1951]
2022-05-24 11:11:27,514 - root - INFO - Save model on epoch 0014!
2022-05-24 11:12:20,592 - root - INFO - Update Attention: Epoch 0015 | Total Time 0.2s
2022-05-24 11:12:20,592 - root - INFO - CF + KG Training: Epoch 0015 | Total Time 53.1s
2022-05-24 11:12:21,489 - root - INFO - CF Evaluation: Epoch 0015 | Total Time 0.9s | Precision [0.0893, 0.0592], Recall [0.1116, 0.3510], NDCG [0.1184, 0.2019]
2022-05-24 11:12:21,528 - root - INFO - Save model on epoch 0015!
2022-05-24 11:13:14,121 - root - INFO - Update Attention: Epoch 0016 | Total Time 0.2s
2022-05-24 11:13:14,121 - root - INFO - CF + KG Training: Epoch 0016 | Total Time 52.6s
2022-05-24 11:13:15,003 - root - INFO - CF Evaluation: Epoch 0016 | Total Time 0.9s | Precision [0.0932, 0.0600], Recall [0.1176, 0.3561], NDCG [0.1239, 0.2065]
2022-05-24 11:13:15,042 - root - INFO - Save model on epoch 0016!
2022-05-24 11:14:07,171 - root - INFO - Update Attention: Epoch 0017 | Total Time 0.2s
2022-05-24 11:14:07,171 - root - INFO - CF + KG Training: Epoch 0017 | Total Time 52.1s
2022-05-24 11:14:08,061 - root - INFO - CF Evaluation: Epoch 0017 | Total Time 0.9s | Precision [0.0954, 0.0604], Recall [0.1221, 0.3622], NDCG [0.1284, 0.2109]
2022-05-24 11:14:08,099 - root - INFO - Save model on epoch 0017!
2022-05-24 11:15:00,397 - root - INFO - Update Attention: Epoch 0018 | Total Time 0.2s
2022-05-24 11:15:00,397 - root - INFO - CF + KG Training: Epoch 0018 | Total Time 52.3s
2022-05-24 11:15:01,298 - root - INFO - CF Evaluation: Epoch 0018 | Total Time 0.9s | Precision [0.0974, 0.0613], Recall [0.1266, 0.3682], NDCG [0.1324, 0.2157]
2022-05-24 11:15:01,337 - root - INFO - Save model on epoch 0018!
2022-05-24 11:15:53,432 - root - INFO - Update Attention: Epoch 0019 | Total Time 0.2s
2022-05-24 11:15:53,433 - root - INFO - CF + KG Training: Epoch 0019 | Total Time 52.1s
2022-05-24 11:15:54,319 - root - INFO - CF Evaluation: Epoch 0019 | Total Time 0.9s | Precision [0.0991, 0.0621], Recall [0.1286, 0.3734], NDCG [0.1352, 0.2193]
2022-05-24 11:15:54,357 - root - INFO - Save model on epoch 0019!
2022-05-24 11:16:46,727 - root - INFO - Update Attention: Epoch 0020 | Total Time 0.2s
2022-05-24 11:16:46,727 - root - INFO - CF + KG Training: Epoch 0020 | Total Time 52.4s
2022-05-24 11:16:47,626 - root - INFO - CF Evaluation: Epoch 0020 | Total Time 0.9s | Precision [0.1044, 0.0640], Recall [0.1377, 0.3844], NDCG [0.1430, 0.2272]
2022-05-24 11:16:47,665 - root - INFO - Save model on epoch 0020!
2022-05-24 11:17:40,542 - root - INFO - Update Attention: Epoch 0021 | Total Time 0.2s
2022-05-24 11:17:40,543 - root - INFO - CF + KG Training: Epoch 0021 | Total Time 52.9s
2022-05-24 11:17:41,439 - root - INFO - CF Evaluation: Epoch 0021 | Total Time 0.9s | Precision [0.1067, 0.0654], Recall [0.1407, 0.3919], NDCG [0.1474, 0.2332]
2022-05-24 11:17:41,478 - root - INFO - Save model on epoch 0021!
2022-05-24 11:18:34,309 - root - INFO - Update Attention: Epoch 0022 | Total Time 0.2s
2022-05-24 11:18:34,309 - root - INFO - CF + KG Training: Epoch 0022 | Total Time 52.8s
2022-05-24 11:18:35,204 - root - INFO - CF Evaluation: Epoch 0022 | Total Time 0.9s | Precision [0.1093, 0.0665], Recall [0.1446, 0.3993], NDCG [0.1523, 0.2392]
2022-05-24 11:18:35,243 - root - INFO - Save model on epoch 0022!
2022-05-24 11:19:27,267 - root - INFO - Update Attention: Epoch 0023 | Total Time 0.2s
2022-05-24 11:19:27,267 - root - INFO - CF + KG Training: Epoch 0023 | Total Time 52.0s
2022-05-24 11:19:28,180 - root - INFO - CF Evaluation: Epoch 0023 | Total Time 0.9s | Precision [0.1140, 0.0681], Recall [0.1511, 0.4081], NDCG [0.1607, 0.2478]
2022-05-24 11:19:28,219 - root - INFO - Save model on epoch 0023!
2022-05-24 11:20:20,060 - root - INFO - Update Attention: Epoch 0024 | Total Time 0.2s
2022-05-24 11:20:20,060 - root - INFO - CF + KG Training: Epoch 0024 | Total Time 51.8s
2022-05-24 11:20:20,976 - root - INFO - CF Evaluation: Epoch 0024 | Total Time 0.9s | Precision [0.1173, 0.0696], Recall [0.1547, 0.4162], NDCG [0.1651, 0.2535]
2022-05-24 11:20:21,016 - root - INFO - Save model on epoch 0024!
2022-05-24 11:21:12,910 - root - INFO - Update Attention: Epoch 0025 | Total Time 0.2s
2022-05-24 11:21:12,910 - root - INFO - CF + KG Training: Epoch 0025 | Total Time 51.9s
2022-05-24 11:21:13,824 - root - INFO - CF Evaluation: Epoch 0025 | Total Time 0.9s | Precision [0.1213, 0.0711], Recall [0.1603, 0.4246], NDCG [0.1708, 0.2600]
2022-05-24 11:21:13,864 - root - INFO - Save model on epoch 0025!
2022-05-24 11:22:05,840 - root - INFO - Update Attention: Epoch 0026 | Total Time 0.2s
2022-05-24 11:22:05,840 - root - INFO - CF + KG Training: Epoch 0026 | Total Time 52.0s
2022-05-24 11:22:06,739 - root - INFO - CF Evaluation: Epoch 0026 | Total Time 0.9s | Precision [0.1225, 0.0719], Recall [0.1634, 0.4308], NDCG [0.1736, 0.2643]
2022-05-24 11:22:06,778 - root - INFO - Save model on epoch 0026!
2022-05-24 11:23:29,743 - root - INFO - Update Attention: Epoch 0027 | Total Time 0.2s
2022-05-24 11:23:29,743 - root - INFO - CF + KG Training: Epoch 0027 | Total Time 83.0s
2022-05-24 11:23:31,013 - root - INFO - CF Evaluation: Epoch 0027 | Total Time 1.3s | Precision [0.1252, 0.0726], Recall [0.1669, 0.4344], NDCG [0.1777, 0.2679]
2022-05-24 11:23:31,057 - root - INFO - Save model on epoch 0027!
2022-05-24 11:25:10,821 - root - INFO - Update Attention: Epoch 0028 | Total Time 0.2s
2022-05-24 11:25:10,821 - root - INFO - CF + KG Training: Epoch 0028 | Total Time 99.8s
2022-05-24 11:25:12,090 - root - INFO - CF Evaluation: Epoch 0028 | Total Time 1.3s | Precision [0.1257, 0.0733], Recall [0.1673, 0.4379], NDCG [0.1789, 0.2701]
2022-05-24 11:25:12,136 - root - INFO - Save model on epoch 0028!
2022-05-24 11:26:52,142 - root - INFO - Update Attention: Epoch 0029 | Total Time 0.2s
2022-05-24 11:26:52,142 - root - INFO - CF + KG Training: Epoch 0029 | Total Time 100.0s
2022-05-24 11:26:53,413 - root - INFO - CF Evaluation: Epoch 0029 | Total Time 1.3s | Precision [0.1272, 0.0740], Recall [0.1699, 0.4413], NDCG [0.1806, 0.2722]
2022-05-24 11:26:53,457 - root - INFO - Save model on epoch 0029!
2022-05-24 11:28:33,728 - root - INFO - Update Attention: Epoch 0030 | Total Time 0.2s
2022-05-24 11:28:33,728 - root - INFO - CF + KG Training: Epoch 0030 | Total Time 100.3s
2022-05-24 11:28:34,996 - root - INFO - CF Evaluation: Epoch 0030 | Total Time 1.3s | Precision [0.1277, 0.0741], Recall [0.1701, 0.4414], NDCG [0.1817, 0.2731]
2022-05-24 11:28:35,041 - root - INFO - Save model on epoch 0030!
2022-05-24 11:30:15,317 - root - INFO - Update Attention: Epoch 0031 | Total Time 0.2s
2022-05-24 11:30:15,317 - root - INFO - CF + KG Training: Epoch 0031 | Total Time 100.3s
2022-05-24 11:30:16,590 - root - INFO - CF Evaluation: Epoch 0031 | Total Time 1.3s | Precision [0.1274, 0.0743], Recall [0.1703, 0.4447], NDCG [0.1823, 0.2750]
2022-05-24 11:30:16,634 - root - INFO - Save model on epoch 0031!
2022-05-24 11:31:56,836 - root - INFO - Update Attention: Epoch 0032 | Total Time 0.2s
2022-05-24 11:31:56,836 - root - INFO - CF + KG Training: Epoch 0032 | Total Time 100.2s
2022-05-24 11:31:58,106 - root - INFO - CF Evaluation: Epoch 0032 | Total Time 1.3s | Precision [0.1286, 0.0748], Recall [0.1712, 0.4477], NDCG [0.1844, 0.2775]
2022-05-24 11:31:58,153 - root - INFO - Save model on epoch 0032!
2022-05-24 11:33:38,329 - root - INFO - Update Attention: Epoch 0033 | Total Time 0.2s
2022-05-24 11:33:38,329 - root - INFO - CF + KG Training: Epoch 0033 | Total Time 100.2s
2022-05-24 11:33:39,598 - root - INFO - CF Evaluation: Epoch 0033 | Total Time 1.3s | Precision [0.1297, 0.0750], Recall [0.1729, 0.4492], NDCG [0.1861, 0.2791]
2022-05-24 11:33:39,642 - root - INFO - Save model on epoch 0033!
2022-05-24 11:35:19,415 - root - INFO - Update Attention: Epoch 0034 | Total Time 0.2s
2022-05-24 11:35:19,415 - root - INFO - CF + KG Training: Epoch 0034 | Total Time 99.8s
2022-05-24 11:35:20,684 - root - INFO - CF Evaluation: Epoch 0034 | Total Time 1.3s | Precision [0.1311, 0.0754], Recall [0.1743, 0.4515], NDCG [0.1886, 0.2815]
2022-05-24 11:35:20,728 - root - INFO - Save model on epoch 0034!
2022-05-24 11:37:00,469 - root - INFO - Update Attention: Epoch 0035 | Total Time 0.2s
2022-05-24 11:37:00,469 - root - INFO - CF + KG Training: Epoch 0035 | Total Time 99.7s
2022-05-24 11:37:01,735 - root - INFO - CF Evaluation: Epoch 0035 | Total Time 1.3s | Precision [0.1295, 0.0751], Recall [0.1726, 0.4511], NDCG [0.1868, 0.2805]
2022-05-24 11:38:41,620 - root - INFO - Update Attention: Epoch 0036 | Total Time 0.2s
2022-05-24 11:38:41,620 - root - INFO - CF + KG Training: Epoch 0036 | Total Time 99.9s
2022-05-24 11:38:42,893 - root - INFO - CF Evaluation: Epoch 0036 | Total Time 1.3s | Precision [0.1323, 0.0755], Recall [0.1764, 0.4526], NDCG [0.1918, 0.2842]
2022-05-24 11:38:42,937 - root - INFO - Save model on epoch 0036!
2022-05-24 11:40:22,787 - root - INFO - Update Attention: Epoch 0037 | Total Time 0.3s
2022-05-24 11:40:22,787 - root - INFO - CF + KG Training: Epoch 0037 | Total Time 99.8s
2022-05-24 11:40:24,055 - root - INFO - CF Evaluation: Epoch 0037 | Total Time 1.3s | Precision [0.1330, 0.0761], Recall [0.1766, 0.4561], NDCG [0.1927, 0.2859]
2022-05-24 11:40:24,100 - root - INFO - Save model on epoch 0037!
2022-05-24 11:42:04,006 - root - INFO - Update Attention: Epoch 0038 | Total Time 0.2s
2022-05-24 11:42:04,006 - root - INFO - CF + KG Training: Epoch 0038 | Total Time 99.9s
2022-05-24 11:42:05,278 - root - INFO - CF Evaluation: Epoch 0038 | Total Time 1.3s | Precision [0.1319, 0.0761], Recall [0.1766, 0.4566], NDCG [0.1923, 0.2861]
2022-05-24 11:43:44,996 - root - INFO - Update Attention: Epoch 0039 | Total Time 0.2s
2022-05-24 11:43:44,996 - root - INFO - CF + KG Training: Epoch 0039 | Total Time 99.7s
2022-05-24 11:43:45,891 - root - INFO - CF Evaluation: Epoch 0039 | Total Time 0.9s | Precision [0.1333, 0.0761], Recall [0.1790, 0.4581], NDCG [0.1940, 0.2873]
2022-05-24 11:43:45,930 - root - INFO - Save model on epoch 0039!
2022-05-24 11:44:38,703 - root - INFO - Update Attention: Epoch 0040 | Total Time 0.2s
2022-05-24 11:44:38,703 - root - INFO - CF + KG Training: Epoch 0040 | Total Time 52.8s
2022-05-24 11:44:39,597 - root - INFO - CF Evaluation: Epoch 0040 | Total Time 0.9s | Precision [0.1338, 0.0765], Recall [0.1789, 0.4597], NDCG [0.1949, 0.2886]
2022-05-24 11:45:32,857 - root - INFO - Update Attention: Epoch 0041 | Total Time 0.2s
2022-05-24 11:45:32,857 - root - INFO - CF + KG Training: Epoch 0041 | Total Time 53.3s
2022-05-24 11:45:33,753 - root - INFO - CF Evaluation: Epoch 0041 | Total Time 0.9s | Precision [0.1344, 0.0765], Recall [0.1796, 0.4593], NDCG [0.1959, 0.2892]
2022-05-24 11:45:33,791 - root - INFO - Save model on epoch 0041!
2022-05-24 11:46:27,427 - root - INFO - Update Attention: Epoch 0042 | Total Time 0.2s
2022-05-24 11:46:27,427 - root - INFO - CF + KG Training: Epoch 0042 | Total Time 53.6s
2022-05-24 11:46:28,699 - root - INFO - CF Evaluation: Epoch 0042 | Total Time 1.3s | Precision [0.1357, 0.0768], Recall [0.1814, 0.4612], NDCG [0.1981, 0.2912]
2022-05-24 11:46:28,744 - root - INFO - Save model on epoch 0042!
2022-05-24 11:48:00,347 - root - INFO - Update Attention: Epoch 0043 | Total Time 0.2s
2022-05-24 11:48:00,347 - root - INFO - CF + KG Training: Epoch 0043 | Total Time 91.6s
2022-05-24 11:48:01,241 - root - INFO - CF Evaluation: Epoch 0043 | Total Time 0.9s | Precision [0.1344, 0.0767], Recall [0.1806, 0.4623], NDCG [0.1971, 0.2914]
2022-05-24 11:48:54,072 - root - INFO - Update Attention: Epoch 0044 | Total Time 0.2s
2022-05-24 11:48:54,072 - root - INFO - CF + KG Training: Epoch 0044 | Total Time 52.8s
2022-05-24 11:48:54,965 - root - INFO - CF Evaluation: Epoch 0044 | Total Time 0.9s | Precision [0.1352, 0.0770], Recall [0.1815, 0.4641], NDCG [0.1986, 0.2929]
2022-05-24 11:48:55,004 - root - INFO - Save model on epoch 0044!
2022-05-24 11:49:50,233 - root - INFO - Update Attention: Epoch 0045 | Total Time 0.2s
2022-05-24 11:49:50,233 - root - INFO - CF + KG Training: Epoch 0045 | Total Time 55.2s
2022-05-24 11:49:51,130 - root - INFO - CF Evaluation: Epoch 0045 | Total Time 0.9s | Precision [0.1355, 0.0772], Recall [0.1810, 0.4648], NDCG [0.1988, 0.2934]
2022-05-24 11:50:43,708 - root - INFO - Update Attention: Epoch 0046 | Total Time 0.2s
2022-05-24 11:50:43,708 - root - INFO - CF + KG Training: Epoch 0046 | Total Time 52.6s
2022-05-24 11:50:44,624 - root - INFO - CF Evaluation: Epoch 0046 | Total Time 0.9s | Precision [0.1371, 0.0776], Recall [0.1827, 0.4662], NDCG [0.2016, 0.2956]
2022-05-24 11:50:44,664 - root - INFO - Save model on epoch 0046!
2022-05-24 11:52:21,736 - root - INFO - Update Attention: Epoch 0047 | Total Time 0.2s
2022-05-24 11:52:21,737 - root - INFO - CF + KG Training: Epoch 0047 | Total Time 97.1s
2022-05-24 11:52:22,633 - root - INFO - CF Evaluation: Epoch 0047 | Total Time 0.9s | Precision [0.1374, 0.0773], Recall [0.1838, 0.4658], NDCG [0.2016, 0.2952]
2022-05-24 11:52:22,672 - root - INFO - Save model on epoch 0047!
2022-05-24 11:53:14,999 - root - INFO - Update Attention: Epoch 0048 | Total Time 0.2s
2022-05-24 11:53:14,999 - root - INFO - CF + KG Training: Epoch 0048 | Total Time 52.3s
2022-05-24 11:53:15,895 - root - INFO - CF Evaluation: Epoch 0048 | Total Time 0.9s | Precision [0.1395, 0.0777], Recall [0.1859, 0.4679], NDCG [0.2050, 0.2979]
2022-05-24 11:53:15,933 - root - INFO - Save model on epoch 0048!
2022-05-24 11:54:08,124 - root - INFO - Update Attention: Epoch 0049 | Total Time 0.2s
2022-05-24 11:54:08,124 - root - INFO - CF + KG Training: Epoch 0049 | Total Time 52.2s
2022-05-24 11:54:09,027 - root - INFO - CF Evaluation: Epoch 0049 | Total Time 0.9s | Precision [0.1398, 0.0778], Recall [0.1864, 0.4683], NDCG [0.2042, 0.2971]
2022-05-24 11:54:09,066 - root - INFO - Save model on epoch 0049!
2022-05-24 11:55:01,755 - root - INFO - Update Attention: Epoch 0050 | Total Time 0.2s
2022-05-24 11:55:01,755 - root - INFO - CF + KG Training: Epoch 0050 | Total Time 52.7s
2022-05-24 11:55:02,653 - root - INFO - CF Evaluation: Epoch 0050 | Total Time 0.9s | Precision [0.1403, 0.0779], Recall [0.1867, 0.4691], NDCG [0.2052, 0.2983]
2022-05-24 11:55:02,692 - root - INFO - Save model on epoch 0050!
2022-05-24 11:55:56,036 - root - INFO - Update Attention: Epoch 0051 | Total Time 0.2s
2022-05-24 11:55:56,036 - root - INFO - CF + KG Training: Epoch 0051 | Total Time 53.3s
2022-05-24 11:55:56,935 - root - INFO - CF Evaluation: Epoch 0051 | Total Time 0.9s | Precision [0.1408, 0.0780], Recall [0.1884, 0.4693], NDCG [0.2069, 0.2993]
2022-05-24 11:55:56,974 - root - INFO - Save model on epoch 0051!
2022-05-24 11:56:50,287 - root - INFO - Update Attention: Epoch 0052 | Total Time 0.2s
2022-05-24 11:56:50,287 - root - INFO - CF + KG Training: Epoch 0052 | Total Time 53.3s
2022-05-24 11:56:51,181 - root - INFO - CF Evaluation: Epoch 0052 | Total Time 0.9s | Precision [0.1415, 0.0784], Recall [0.1893, 0.4715], NDCG [0.2086, 0.3014]
2022-05-24 11:56:51,220 - root - INFO - Save model on epoch 0052!
2022-05-24 11:57:44,338 - root - INFO - Update Attention: Epoch 0053 | Total Time 0.2s
2022-05-24 11:57:44,338 - root - INFO - CF + KG Training: Epoch 0053 | Total Time 53.1s
2022-05-24 11:57:45,239 - root - INFO - CF Evaluation: Epoch 0053 | Total Time 0.9s | Precision [0.1418, 0.0784], Recall [0.1893, 0.4716], NDCG [0.2079, 0.3005]
2022-05-24 11:57:45,279 - root - INFO - Save model on epoch 0053!
2022-05-24 11:58:38,391 - root - INFO - Update Attention: Epoch 0054 | Total Time 0.2s
2022-05-24 11:58:38,391 - root - INFO - CF + KG Training: Epoch 0054 | Total Time 53.1s
2022-05-24 11:58:39,279 - root - INFO - CF Evaluation: Epoch 0054 | Total Time 0.9s | Precision [0.1427, 0.0784], Recall [0.1903, 0.4728], NDCG [0.2100, 0.3025]
2022-05-24 11:58:39,318 - root - INFO - Save model on epoch 0054!
2022-05-24 11:59:31,990 - root - INFO - Update Attention: Epoch 0055 | Total Time 0.2s
2022-05-24 11:59:31,990 - root - INFO - CF + KG Training: Epoch 0055 | Total Time 52.7s
2022-05-24 11:59:32,875 - root - INFO - CF Evaluation: Epoch 0055 | Total Time 0.9s | Precision [0.1437, 0.0788], Recall [0.1915, 0.4731], NDCG [0.2117, 0.3036]
2022-05-24 11:59:32,914 - root - INFO - Save model on epoch 0055!
2022-05-24 12:00:25,317 - root - INFO - Update Attention: Epoch 0056 | Total Time 0.2s
2022-05-24 12:00:25,317 - root - INFO - CF + KG Training: Epoch 0056 | Total Time 52.4s
2022-05-24 12:00:26,203 - root - INFO - CF Evaluation: Epoch 0056 | Total Time 0.9s | Precision [0.1431, 0.0786], Recall [0.1912, 0.4730], NDCG [0.2106, 0.3029]
2022-05-24 12:01:18,917 - root - INFO - Update Attention: Epoch 0057 | Total Time 0.2s
2022-05-24 12:01:18,917 - root - INFO - CF + KG Training: Epoch 0057 | Total Time 52.7s
2022-05-24 12:01:19,833 - root - INFO - CF Evaluation: Epoch 0057 | Total Time 0.9s | Precision [0.1436, 0.0788], Recall [0.1924, 0.4747], NDCG [0.2120, 0.3043]
2022-05-24 12:01:19,872 - root - INFO - Save model on epoch 0057!
2022-05-24 12:02:12,845 - root - INFO - Update Attention: Epoch 0058 | Total Time 0.2s
2022-05-24 12:02:12,845 - root - INFO - CF + KG Training: Epoch 0058 | Total Time 53.0s
2022-05-24 12:02:13,761 - root - INFO - CF Evaluation: Epoch 0058 | Total Time 0.9s | Precision [0.1446, 0.0792], Recall [0.1930, 0.4763], NDCG [0.2139, 0.3063]
2022-05-24 12:02:13,801 - root - INFO - Save model on epoch 0058!
2022-05-24 12:03:06,974 - root - INFO - Update Attention: Epoch 0059 | Total Time 0.2s
2022-05-24 12:03:06,974 - root - INFO - CF + KG Training: Epoch 0059 | Total Time 53.2s
2022-05-24 12:03:07,886 - root - INFO - CF Evaluation: Epoch 0059 | Total Time 0.9s | Precision [0.1443, 0.0789], Recall [0.1938, 0.4755], NDCG [0.2142, 0.3064]
2022-05-24 12:03:07,924 - root - INFO - Save model on epoch 0059!
2022-05-24 12:04:01,144 - root - INFO - Update Attention: Epoch 0060 | Total Time 0.2s
2022-05-24 12:04:01,145 - root - INFO - CF + KG Training: Epoch 0060 | Total Time 53.2s
2022-05-24 12:04:02,039 - root - INFO - CF Evaluation: Epoch 0060 | Total Time 0.9s | Precision [0.1457, 0.0794], Recall [0.1938, 0.4770], NDCG [0.2150, 0.3073]
2022-05-24 12:05:19,184 - root - INFO - Update Attention: Epoch 0061 | Total Time 0.2s
2022-05-24 12:05:19,184 - root - INFO - CF + KG Training: Epoch 0061 | Total Time 77.1s
2022-05-24 12:05:20,457 - root - INFO - CF Evaluation: Epoch 0061 | Total Time 1.3s | Precision [0.1463, 0.0795], Recall [0.1950, 0.4783], NDCG [0.2163, 0.3084]
2022-05-24 12:05:20,501 - root - INFO - Save model on epoch 0061!
2022-05-24 12:07:00,399 - root - INFO - Update Attention: Epoch 0062 | Total Time 0.2s
2022-05-24 12:07:00,399 - root - INFO - CF + KG Training: Epoch 0062 | Total Time 99.9s
2022-05-24 12:07:01,665 - root - INFO - CF Evaluation: Epoch 0062 | Total Time 1.3s | Precision [0.1453, 0.0790], Recall [0.1952, 0.4775], NDCG [0.2154, 0.3075]
2022-05-24 12:07:01,709 - root - INFO - Save model on epoch 0062!
2022-05-24 12:08:41,622 - root - INFO - Update Attention: Epoch 0063 | Total Time 0.2s
2022-05-24 12:08:41,622 - root - INFO - CF + KG Training: Epoch 0063 | Total Time 99.9s
2022-05-24 12:08:42,893 - root - INFO - CF Evaluation: Epoch 0063 | Total Time 1.3s | Precision [0.1473, 0.0796], Recall [0.1966, 0.4787], NDCG [0.2187, 0.3100]
2022-05-24 12:08:42,939 - root - INFO - Save model on epoch 0063!
2022-05-24 12:10:22,865 - root - INFO - Update Attention: Epoch 0064 | Total Time 0.2s
2022-05-24 12:10:22,865 - root - INFO - CF + KG Training: Epoch 0064 | Total Time 99.9s
2022-05-24 12:10:24,137 - root - INFO - CF Evaluation: Epoch 0064 | Total Time 1.3s | Precision [0.1477, 0.0800], Recall [0.1969, 0.4802], NDCG [0.2190, 0.3107]
2022-05-24 12:10:24,183 - root - INFO - Save model on epoch 0064!
2022-05-24 12:12:04,853 - root - INFO - Update Attention: Epoch 0065 | Total Time 0.2s
2022-05-24 12:12:04,853 - root - INFO - CF + KG Training: Epoch 0065 | Total Time 100.7s
2022-05-24 12:12:06,124 - root - INFO - CF Evaluation: Epoch 0065 | Total Time 1.3s | Precision [0.1480, 0.0801], Recall [0.1976, 0.4818], NDCG [0.2194, 0.3114]
2022-05-24 12:12:06,170 - root - INFO - Save model on epoch 0065!
2022-05-24 12:13:46,114 - root - INFO - Update Attention: Epoch 0066 | Total Time 0.2s
2022-05-24 12:13:46,114 - root - INFO - CF + KG Training: Epoch 0066 | Total Time 99.9s
2022-05-24 12:13:47,381 - root - INFO - CF Evaluation: Epoch 0066 | Total Time 1.3s | Precision [0.1484, 0.0800], Recall [0.1982, 0.4814], NDCG [0.2201, 0.3117]
2022-05-24 12:13:47,426 - root - INFO - Save model on epoch 0066!
2022-05-24 12:15:27,377 - root - INFO - Update Attention: Epoch 0067 | Total Time 0.2s
2022-05-24 12:15:27,377 - root - INFO - CF + KG Training: Epoch 0067 | Total Time 100.0s
2022-05-24 12:15:28,645 - root - INFO - CF Evaluation: Epoch 0067 | Total Time 1.3s | Precision [0.1478, 0.0798], Recall [0.1979, 0.4811], NDCG [0.2192, 0.3112]
2022-05-24 12:17:08,901 - root - INFO - Update Attention: Epoch 0068 | Total Time 0.2s
2022-05-24 12:17:08,901 - root - INFO - CF + KG Training: Epoch 0068 | Total Time 100.3s
2022-05-24 12:17:10,169 - root - INFO - CF Evaluation: Epoch 0068 | Total Time 1.3s | Precision [0.1498, 0.0803], Recall [0.1992, 0.4828], NDCG [0.2216, 0.3130]
2022-05-24 12:17:10,215 - root - INFO - Save model on epoch 0068!
2022-05-24 12:18:50,546 - root - INFO - Update Attention: Epoch 0069 | Total Time 0.2s
2022-05-24 12:18:50,546 - root - INFO - CF + KG Training: Epoch 0069 | Total Time 100.3s
2022-05-24 12:18:51,815 - root - INFO - CF Evaluation: Epoch 0069 | Total Time 1.3s | Precision [0.1496, 0.0803], Recall [0.1988, 0.4827], NDCG [0.2215, 0.3130]
2022-05-24 12:20:32,102 - root - INFO - Update Attention: Epoch 0070 | Total Time 0.2s
2022-05-24 12:20:32,102 - root - INFO - CF + KG Training: Epoch 0070 | Total Time 100.3s
2022-05-24 12:20:33,372 - root - INFO - CF Evaluation: Epoch 0070 | Total Time 1.3s | Precision [0.1499, 0.0805], Recall [0.1999, 0.4850], NDCG [0.2235, 0.3153]
2022-05-24 12:20:33,418 - root - INFO - Save model on epoch 0070!
2022-05-24 12:22:13,315 - root - INFO - Update Attention: Epoch 0071 | Total Time 0.2s
2022-05-24 12:22:13,315 - root - INFO - CF + KG Training: Epoch 0071 | Total Time 99.9s
2022-05-24 12:22:14,587 - root - INFO - CF Evaluation: Epoch 0071 | Total Time 1.3s | Precision [0.1500, 0.0807], Recall [0.1999, 0.4853], NDCG [0.2237, 0.3158]
2022-05-24 12:22:14,632 - root - INFO - Save model on epoch 0071!
2022-05-24 12:23:54,606 - root - INFO - Update Attention: Epoch 0072 | Total Time 0.2s
2022-05-24 12:23:54,607 - root - INFO - CF + KG Training: Epoch 0072 | Total Time 100.0s
2022-05-24 12:23:55,876 - root - INFO - CF Evaluation: Epoch 0072 | Total Time 1.3s | Precision [0.1512, 0.0808], Recall [0.2008, 0.4857], NDCG [0.2247, 0.3161]
2022-05-24 12:23:55,920 - root - INFO - Save model on epoch 0072!
2022-05-24 12:25:35,869 - root - INFO - Update Attention: Epoch 0073 | Total Time 0.2s
2022-05-24 12:25:35,869 - root - INFO - CF + KG Training: Epoch 0073 | Total Time 99.9s
2022-05-24 12:25:37,139 - root - INFO - CF Evaluation: Epoch 0073 | Total Time 1.3s | Precision [0.1517, 0.0808], Recall [0.2015, 0.4860], NDCG [0.2247, 0.3159]
2022-05-24 12:25:37,184 - root - INFO - Save model on epoch 0073!
2022-05-24 12:27:16,986 - root - INFO - Update Attention: Epoch 0074 | Total Time 0.2s
2022-05-24 12:27:16,987 - root - INFO - CF + KG Training: Epoch 0074 | Total Time 99.8s
2022-05-24 12:27:18,259 - root - INFO - CF Evaluation: Epoch 0074 | Total Time 1.3s | Precision [0.1530, 0.0811], Recall [0.2040, 0.4863], NDCG [0.2278, 0.3180]
2022-05-24 12:27:18,303 - root - INFO - Save model on epoch 0074!
2022-05-24 12:28:58,188 - root - INFO - Update Attention: Epoch 0075 | Total Time 0.2s
2022-05-24 12:28:58,188 - root - INFO - CF + KG Training: Epoch 0075 | Total Time 99.9s
2022-05-24 12:28:59,457 - root - INFO - CF Evaluation: Epoch 0075 | Total Time 1.3s | Precision [0.1523, 0.0812], Recall [0.2021, 0.4885], NDCG [0.2263, 0.3179]
2022-05-24 12:30:39,326 - root - INFO - Update Attention: Epoch 0076 | Total Time 0.2s
2022-05-24 12:30:39,326 - root - INFO - CF + KG Training: Epoch 0076 | Total Time 99.9s
2022-05-24 12:30:40,600 - root - INFO - CF Evaluation: Epoch 0076 | Total Time 1.3s | Precision [0.1527, 0.0810], Recall [0.2034, 0.4880], NDCG [0.2271, 0.3178]
2022-05-24 12:32:20,485 - root - INFO - Update Attention: Epoch 0077 | Total Time 0.2s
2022-05-24 12:32:20,486 - root - INFO - CF + KG Training: Epoch 0077 | Total Time 99.9s
2022-05-24 12:32:21,756 - root - INFO - CF Evaluation: Epoch 0077 | Total Time 1.3s | Precision [0.1537, 0.0811], Recall [0.2037, 0.4894], NDCG [0.2279, 0.3187]
2022-05-24 12:34:01,655 - root - INFO - Update Attention: Epoch 0078 | Total Time 0.2s
2022-05-24 12:34:01,655 - root - INFO - CF + KG Training: Epoch 0078 | Total Time 99.9s
2022-05-24 12:34:02,924 - root - INFO - CF Evaluation: Epoch 0078 | Total Time 1.3s | Precision [0.1547, 0.0814], Recall [0.2052, 0.4888], NDCG [0.2303, 0.3203]
2022-05-24 12:34:02,969 - root - INFO - Save model on epoch 0078!
2022-05-24 12:35:42,830 - root - INFO - Update Attention: Epoch 0079 | Total Time 0.2s
2022-05-24 12:35:42,830 - root - INFO - CF + KG Training: Epoch 0079 | Total Time 99.9s
2022-05-24 12:35:44,106 - root - INFO - CF Evaluation: Epoch 0079 | Total Time 1.3s | Precision [0.1546, 0.0816], Recall [0.2050, 0.4894], NDCG [0.2292, 0.3196]
2022-05-24 12:37:23,991 - root - INFO - Update Attention: Epoch 0080 | Total Time 0.2s
2022-05-24 12:37:23,991 - root - INFO - CF + KG Training: Epoch 0080 | Total Time 99.9s
2022-05-24 12:37:25,265 - root - INFO - CF Evaluation: Epoch 0080 | Total Time 1.3s | Precision [0.1534, 0.0812], Recall [0.2044, 0.4900], NDCG [0.2284, 0.3195]
2022-05-24 12:39:05,385 - root - INFO - Update Attention: Epoch 0081 | Total Time 0.2s
2022-05-24 12:39:05,385 - root - INFO - CF + KG Training: Epoch 0081 | Total Time 100.1s
2022-05-24 12:39:06,656 - root - INFO - CF Evaluation: Epoch 0081 | Total Time 1.3s | Precision [0.1547, 0.0817], Recall [0.2047, 0.4921], NDCG [0.2307, 0.3219]
2022-05-24 12:40:47,258 - root - INFO - Update Attention: Epoch 0082 | Total Time 0.2s
2022-05-24 12:40:47,259 - root - INFO - CF + KG Training: Epoch 0082 | Total Time 100.6s
2022-05-24 12:40:48,529 - root - INFO - CF Evaluation: Epoch 0082 | Total Time 1.3s | Precision [0.1550, 0.0815], Recall [0.2059, 0.4902], NDCG [0.2308, 0.3211]
2022-05-24 12:40:48,574 - root - INFO - Save model on epoch 0082!
2022-05-24 12:42:05,942 - root - INFO - Update Attention: Epoch 0083 | Total Time 0.2s
2022-05-24 12:42:05,942 - root - INFO - CF + KG Training: Epoch 0083 | Total Time 77.4s
2022-05-24 12:42:06,837 - root - INFO - CF Evaluation: Epoch 0083 | Total Time 0.9s | Precision [0.1551, 0.0819], Recall [0.2049, 0.4919], NDCG [0.2302, 0.3212]
2022-05-24 12:42:59,496 - root - INFO - Update Attention: Epoch 0084 | Total Time 0.2s
2022-05-24 12:42:59,496 - root - INFO - CF + KG Training: Epoch 0084 | Total Time 52.7s
2022-05-24 12:43:00,392 - root - INFO - CF Evaluation: Epoch 0084 | Total Time 0.9s | Precision [0.1556, 0.0820], Recall [0.2060, 0.4920], NDCG [0.2311, 0.3218]
2022-05-24 12:43:00,431 - root - INFO - Save model on epoch 0084!
2022-05-24 12:43:53,057 - root - INFO - Update Attention: Epoch 0085 | Total Time 0.2s
2022-05-24 12:43:53,057 - root - INFO - CF + KG Training: Epoch 0085 | Total Time 52.6s
2022-05-24 12:43:53,950 - root - INFO - CF Evaluation: Epoch 0085 | Total Time 0.9s | Precision [0.1570, 0.0822], Recall [0.2075, 0.4924], NDCG [0.2332, 0.3233]
2022-05-24 12:43:53,989 - root - INFO - Save model on epoch 0085!
2022-05-24 12:44:47,772 - root - INFO - Update Attention: Epoch 0086 | Total Time 0.2s
2022-05-24 12:44:47,772 - root - INFO - CF + KG Training: Epoch 0086 | Total Time 53.8s
2022-05-24 12:44:48,668 - root - INFO - CF Evaluation: Epoch 0086 | Total Time 0.9s | Precision [0.1565, 0.0820], Recall [0.2072, 0.4932], NDCG [0.2325, 0.3231]
2022-05-24 12:45:42,545 - root - INFO - Update Attention: Epoch 0087 | Total Time 0.2s
2022-05-24 12:45:42,545 - root - INFO - CF + KG Training: Epoch 0087 | Total Time 53.9s
2022-05-24 12:45:43,441 - root - INFO - CF Evaluation: Epoch 0087 | Total Time 0.9s | Precision [0.1573, 0.0822], Recall [0.2084, 0.4939], NDCG [0.2343, 0.3245]
2022-05-24 12:45:43,481 - root - INFO - Save model on epoch 0087!
2022-05-24 12:46:37,348 - root - INFO - Update Attention: Epoch 0088 | Total Time 0.2s
2022-05-24 12:46:37,348 - root - INFO - CF + KG Training: Epoch 0088 | Total Time 53.9s
2022-05-24 12:46:38,243 - root - INFO - CF Evaluation: Epoch 0088 | Total Time 0.9s | Precision [0.1570, 0.0823], Recall [0.2071, 0.4940], NDCG [0.2337, 0.3246]
2022-05-24 12:47:32,026 - root - INFO - Update Attention: Epoch 0089 | Total Time 0.2s
2022-05-24 12:47:32,026 - root - INFO - CF + KG Training: Epoch 0089 | Total Time 53.8s
2022-05-24 12:47:32,929 - root - INFO - CF Evaluation: Epoch 0089 | Total Time 0.9s | Precision [0.1575, 0.0824], Recall [0.2091, 0.4954], NDCG [0.2351, 0.3258]
2022-05-24 12:47:32,968 - root - INFO - Save model on epoch 0089!
2022-05-24 12:48:25,937 - root - INFO - Update Attention: Epoch 0090 | Total Time 0.2s
2022-05-24 12:48:25,937 - root - INFO - CF + KG Training: Epoch 0090 | Total Time 53.0s
2022-05-24 12:48:26,834 - root - INFO - CF Evaluation: Epoch 0090 | Total Time 0.9s | Precision [0.1576, 0.0823], Recall [0.2090, 0.4952], NDCG [0.2338, 0.3244]
2022-05-24 12:49:20,131 - root - INFO - Update Attention: Epoch 0091 | Total Time 0.2s
2022-05-24 12:49:20,131 - root - INFO - CF + KG Training: Epoch 0091 | Total Time 53.3s
2022-05-24 12:49:21,034 - root - INFO - CF Evaluation: Epoch 0091 | Total Time 0.9s | Precision [0.1582, 0.0826], Recall [0.2098, 0.4962], NDCG [0.2353, 0.3259]
2022-05-24 12:49:21,072 - root - INFO - Save model on epoch 0091!
2022-05-24 12:50:14,246 - root - INFO - Update Attention: Epoch 0092 | Total Time 0.2s
2022-05-24 12:50:14,246 - root - INFO - CF + KG Training: Epoch 0092 | Total Time 53.2s
2022-05-24 12:50:15,155 - root - INFO - CF Evaluation: Epoch 0092 | Total Time 0.9s | Precision [0.1582, 0.0826], Recall [0.2093, 0.4969], NDCG [0.2368, 0.3276]
2022-05-24 12:51:08,479 - root - INFO - Update Attention: Epoch 0093 | Total Time 0.2s
2022-05-24 12:51:08,479 - root - INFO - CF + KG Training: Epoch 0093 | Total Time 53.3s
2022-05-24 12:51:09,377 - root - INFO - CF Evaluation: Epoch 0093 | Total Time 0.9s | Precision [0.1587, 0.0830], Recall [0.2102, 0.4981], NDCG [0.2370, 0.3282]
2022-05-24 12:51:09,416 - root - INFO - Save model on epoch 0093!
2022-05-24 12:52:02,630 - root - INFO - Update Attention: Epoch 0094 | Total Time 0.2s
2022-05-24 12:52:02,630 - root - INFO - CF + KG Training: Epoch 0094 | Total Time 53.2s
2022-05-24 12:52:03,525 - root - INFO - CF Evaluation: Epoch 0094 | Total Time 0.9s | Precision [0.1590, 0.0831], Recall [0.2101, 0.4984], NDCG [0.2371, 0.3282]
2022-05-24 12:52:56,317 - root - INFO - Update Attention: Epoch 0095 | Total Time 0.2s
2022-05-24 12:52:56,317 - root - INFO - CF + KG Training: Epoch 0095 | Total Time 52.8s
2022-05-24 12:52:57,218 - root - INFO - CF Evaluation: Epoch 0095 | Total Time 0.9s | Precision [0.1600, 0.0834], Recall [0.2113, 0.4988], NDCG [0.2385, 0.3291]
2022-05-24 12:52:57,257 - root - INFO - Save model on epoch 0095!
2022-05-24 12:53:50,288 - root - INFO - Update Attention: Epoch 0096 | Total Time 0.2s
2022-05-24 12:53:50,289 - root - INFO - CF + KG Training: Epoch 0096 | Total Time 53.0s
2022-05-24 12:53:51,186 - root - INFO - CF Evaluation: Epoch 0096 | Total Time 0.9s | Precision [0.1605, 0.0834], Recall [0.2122, 0.4993], NDCG [0.2396, 0.3299]
2022-05-24 12:53:51,225 - root - INFO - Save model on epoch 0096!
2022-05-24 12:54:43,711 - root - INFO - Update Attention: Epoch 0097 | Total Time 0.2s
2022-05-24 12:54:43,711 - root - INFO - CF + KG Training: Epoch 0097 | Total Time 52.5s
2022-05-24 12:54:44,625 - root - INFO - CF Evaluation: Epoch 0097 | Total Time 0.9s | Precision [0.1611, 0.0834], Recall [0.2130, 0.5010], NDCG [0.2397, 0.3302]
2022-05-24 12:54:44,665 - root - INFO - Save model on epoch 0097!
2022-05-24 12:55:37,227 - root - INFO - Update Attention: Epoch 0098 | Total Time 0.2s
2022-05-24 12:55:37,227 - root - INFO - CF + KG Training: Epoch 0098 | Total Time 52.6s
2022-05-24 12:55:38,141 - root - INFO - CF Evaluation: Epoch 0098 | Total Time 0.9s | Precision [0.1609, 0.0835], Recall [0.2132, 0.5003], NDCG [0.2399, 0.3302]
2022-05-24 12:55:38,179 - root - INFO - Save model on epoch 0098!
2022-05-24 12:56:30,672 - root - INFO - Update Attention: Epoch 0099 | Total Time 0.2s
2022-05-24 12:56:30,672 - root - INFO - CF + KG Training: Epoch 0099 | Total Time 52.5s
2022-05-24 12:56:31,586 - root - INFO - CF Evaluation: Epoch 0099 | Total Time 0.9s | Precision [0.1607, 0.0833], Recall [0.2136, 0.5008], NDCG [0.2395, 0.3300]
2022-05-24 12:56:31,626 - root - INFO - Save model on epoch 0099!
2022-05-24 12:57:24,614 - root - INFO - Update Attention: Epoch 0100 | Total Time 0.2s
2022-05-24 12:57:24,614 - root - INFO - CF + KG Training: Epoch 0100 | Total Time 53.0s
2022-05-24 12:57:25,528 - root - INFO - CF Evaluation: Epoch 0100 | Total Time 0.9s | Precision [0.1613, 0.0837], Recall [0.2144, 0.5013], NDCG [0.2416, 0.3319]
2022-05-24 12:57:25,567 - root - INFO - Save model on epoch 0100!
2022-05-24 12:58:18,760 - root - INFO - Update Attention: Epoch 0101 | Total Time 0.2s
2022-05-24 12:58:18,761 - root - INFO - CF + KG Training: Epoch 0101 | Total Time 53.2s
2022-05-24 12:58:19,675 - root - INFO - CF Evaluation: Epoch 0101 | Total Time 0.9s | Precision [0.1612, 0.0836], Recall [0.2141, 0.5023], NDCG [0.2413, 0.3320]
2022-05-24 12:59:12,749 - root - INFO - Update Attention: Epoch 0102 | Total Time 0.2s
2022-05-24 12:59:12,749 - root - INFO - CF + KG Training: Epoch 0102 | Total Time 53.1s
2022-05-24 12:59:13,665 - root - INFO - CF Evaluation: Epoch 0102 | Total Time 0.9s | Precision [0.1618, 0.0838], Recall [0.2145, 0.5022], NDCG [0.2417, 0.3322]
2022-05-24 12:59:13,705 - root - INFO - Save model on epoch 0102!
2022-05-24 13:00:06,822 - root - INFO - Update Attention: Epoch 0103 | Total Time 0.2s
2022-05-24 13:00:06,822 - root - INFO - CF + KG Training: Epoch 0103 | Total Time 53.1s
2022-05-24 13:00:07,719 - root - INFO - CF Evaluation: Epoch 0103 | Total Time 0.9s | Precision [0.1624, 0.0841], Recall [0.2152, 0.5039], NDCG [0.2425, 0.3331]
2022-05-24 13:00:07,758 - root - INFO - Save model on epoch 0103!
2022-05-24 13:01:00,879 - root - INFO - Update Attention: Epoch 0104 | Total Time 0.2s
2022-05-24 13:01:00,879 - root - INFO - CF + KG Training: Epoch 0104 | Total Time 53.1s
2022-05-24 13:01:01,777 - root - INFO - CF Evaluation: Epoch 0104 | Total Time 0.9s | Precision [0.1626, 0.0842], Recall [0.2154, 0.5045], NDCG [0.2439, 0.3347]
2022-05-24 13:01:01,815 - root - INFO - Save model on epoch 0104!
2022-05-24 13:01:54,743 - root - INFO - Update Attention: Epoch 0105 | Total Time 0.2s
2022-05-24 13:01:54,743 - root - INFO - CF + KG Training: Epoch 0105 | Total Time 52.9s
2022-05-24 13:01:55,636 - root - INFO - CF Evaluation: Epoch 0105 | Total Time 0.9s | Precision [0.1629, 0.0842], Recall [0.2155, 0.5052], NDCG [0.2431, 0.3340]
2022-05-24 13:01:55,676 - root - INFO - Save model on epoch 0105!
2022-05-24 13:02:48,143 - root - INFO - Update Attention: Epoch 0106 | Total Time 0.2s
2022-05-24 13:02:48,143 - root - INFO - CF + KG Training: Epoch 0106 | Total Time 52.5s
2022-05-24 13:02:49,059 - root - INFO - CF Evaluation: Epoch 0106 | Total Time 0.9s | Precision [0.1637, 0.0845], Recall [0.2163, 0.5053], NDCG [0.2444, 0.3348]
2022-05-24 13:02:49,099 - root - INFO - Save model on epoch 0106!
2022-05-24 13:03:42,217 - root - INFO - Update Attention: Epoch 0107 | Total Time 0.2s
2022-05-24 13:03:42,217 - root - INFO - CF + KG Training: Epoch 0107 | Total Time 53.1s
2022-05-24 13:03:43,121 - root - INFO - CF Evaluation: Epoch 0107 | Total Time 0.9s | Precision [0.1635, 0.0845], Recall [0.2160, 0.5061], NDCG [0.2448, 0.3357]
2022-05-24 13:04:35,935 - root - INFO - Update Attention: Epoch 0108 | Total Time 0.2s
2022-05-24 13:04:35,935 - root - INFO - CF + KG Training: Epoch 0108 | Total Time 52.8s
2022-05-24 13:04:36,829 - root - INFO - CF Evaluation: Epoch 0108 | Total Time 0.9s | Precision [0.1639, 0.0847], Recall [0.2166, 0.5063], NDCG [0.2443, 0.3350]
2022-05-24 13:04:36,869 - root - INFO - Save model on epoch 0108!
2022-05-24 13:05:29,539 - root - INFO - Update Attention: Epoch 0109 | Total Time 0.2s
2022-05-24 13:05:29,539 - root - INFO - CF + KG Training: Epoch 0109 | Total Time 52.7s
2022-05-24 13:05:30,446 - root - INFO - CF Evaluation: Epoch 0109 | Total Time 0.9s | Precision [0.1638, 0.0849], Recall [0.2161, 0.5065], NDCG [0.2444, 0.3356]
2022-05-24 13:06:22,821 - root - INFO - Update Attention: Epoch 0110 | Total Time 0.2s
2022-05-24 13:06:22,821 - root - INFO - CF + KG Training: Epoch 0110 | Total Time 52.4s
2022-05-24 13:06:23,734 - root - INFO - CF Evaluation: Epoch 0110 | Total Time 0.9s | Precision [0.1644, 0.0848], Recall [0.2169, 0.5073], NDCG [0.2460, 0.3367]
2022-05-24 13:06:23,773 - root - INFO - Save model on epoch 0110!
2022-05-24 13:07:15,951 - root - INFO - Update Attention: Epoch 0111 | Total Time 0.2s
2022-05-24 13:07:15,951 - root - INFO - CF + KG Training: Epoch 0111 | Total Time 52.2s
2022-05-24 13:07:16,862 - root - INFO - CF Evaluation: Epoch 0111 | Total Time 0.9s | Precision [0.1637, 0.0848], Recall [0.2171, 0.5085], NDCG [0.2458, 0.3374]
2022-05-24 13:07:16,900 - root - INFO - Save model on epoch 0111!
2022-05-24 13:08:09,714 - root - INFO - Update Attention: Epoch 0112 | Total Time 0.2s
2022-05-24 13:08:09,714 - root - INFO - CF + KG Training: Epoch 0112 | Total Time 52.8s
2022-05-24 13:08:10,611 - root - INFO - CF Evaluation: Epoch 0112 | Total Time 0.9s | Precision [0.1643, 0.0850], Recall [0.2173, 0.5083], NDCG [0.2467, 0.3379]
2022-05-24 13:08:10,649 - root - INFO - Save model on epoch 0112!
2022-05-24 13:09:03,131 - root - INFO - Update Attention: Epoch 0113 | Total Time 0.2s
2022-05-24 13:09:03,131 - root - INFO - CF + KG Training: Epoch 0113 | Total Time 52.5s
2022-05-24 13:09:04,026 - root - INFO - CF Evaluation: Epoch 0113 | Total Time 0.9s | Precision [0.1659, 0.0853], Recall [0.2196, 0.5098], NDCG [0.2492, 0.3397]
2022-05-24 13:09:04,065 - root - INFO - Save model on epoch 0113!
2022-05-24 13:09:55,995 - root - INFO - Update Attention: Epoch 0114 | Total Time 0.2s
2022-05-24 13:09:55,995 - root - INFO - CF + KG Training: Epoch 0114 | Total Time 51.9s
2022-05-24 13:09:56,893 - root - INFO - CF Evaluation: Epoch 0114 | Total Time 0.9s | Precision [0.1654, 0.0852], Recall [0.2194, 0.5105], NDCG [0.2487, 0.3396]
2022-05-24 13:10:48,953 - root - INFO - Update Attention: Epoch 0115 | Total Time 0.2s
2022-05-24 13:10:48,954 - root - INFO - CF + KG Training: Epoch 0115 | Total Time 52.1s
2022-05-24 13:10:49,867 - root - INFO - CF Evaluation: Epoch 0115 | Total Time 0.9s | Precision [0.1664, 0.0853], Recall [0.2193, 0.5100], NDCG [0.2486, 0.3390]
2022-05-24 13:11:42,850 - root - INFO - Update Attention: Epoch 0116 | Total Time 0.2s
2022-05-24 13:11:42,850 - root - INFO - CF + KG Training: Epoch 0116 | Total Time 53.0s
2022-05-24 13:11:43,744 - root - INFO - CF Evaluation: Epoch 0116 | Total Time 0.9s | Precision [0.1666, 0.0855], Recall [0.2199, 0.5116], NDCG [0.2491, 0.3399]
2022-05-24 13:11:43,782 - root - INFO - Save model on epoch 0116!
2022-05-24 13:12:36,102 - root - INFO - Update Attention: Epoch 0117 | Total Time 0.2s
2022-05-24 13:12:36,102 - root - INFO - CF + KG Training: Epoch 0117 | Total Time 52.3s
2022-05-24 13:12:36,996 - root - INFO - CF Evaluation: Epoch 0117 | Total Time 0.9s | Precision [0.1664, 0.0856], Recall [0.2201, 0.5116], NDCG [0.2498, 0.3408]
2022-05-24 13:12:37,035 - root - INFO - Save model on epoch 0117!
2022-05-24 13:13:29,541 - root - INFO - Update Attention: Epoch 0118 | Total Time 0.2s
2022-05-24 13:13:29,541 - root - INFO - CF + KG Training: Epoch 0118 | Total Time 52.5s
2022-05-24 13:13:30,424 - root - INFO - CF Evaluation: Epoch 0118 | Total Time 0.9s | Precision [0.1660, 0.0854], Recall [0.2200, 0.5122], NDCG [0.2496, 0.3410]
2022-05-24 13:14:22,706 - root - INFO - Update Attention: Epoch 0119 | Total Time 0.2s
2022-05-24 13:14:22,706 - root - INFO - CF + KG Training: Epoch 0119 | Total Time 52.3s
2022-05-24 13:14:23,589 - root - INFO - CF Evaluation: Epoch 0119 | Total Time 0.9s | Precision [0.1664, 0.0855], Recall [0.2195, 0.5112], NDCG [0.2498, 0.3405]
2022-05-24 13:15:15,500 - root - INFO - Update Attention: Epoch 0120 | Total Time 0.2s
2022-05-24 13:15:15,500 - root - INFO - CF + KG Training: Epoch 0120 | Total Time 51.9s
2022-05-24 13:15:16,382 - root - INFO - CF Evaluation: Epoch 0120 | Total Time 0.9s | Precision [0.1665, 0.0857], Recall [0.2199, 0.5127], NDCG [0.2496, 0.3408]
2022-05-24 13:16:07,465 - root - INFO - Update Attention: Epoch 0121 | Total Time 0.2s
2022-05-24 13:16:07,465 - root - INFO - CF + KG Training: Epoch 0121 | Total Time 51.1s
2022-05-24 13:16:08,366 - root - INFO - CF Evaluation: Epoch 0121 | Total Time 0.9s | Precision [0.1669, 0.0856], Recall [0.2208, 0.5132], NDCG [0.2508, 0.3419]
2022-05-24 13:16:08,406 - root - INFO - Save model on epoch 0121!
2022-05-24 13:17:00,613 - root - INFO - Update Attention: Epoch 0122 | Total Time 0.2s
2022-05-24 13:17:00,613 - root - INFO - CF + KG Training: Epoch 0122 | Total Time 52.2s
2022-05-24 13:17:01,507 - root - INFO - CF Evaluation: Epoch 0122 | Total Time 0.9s | Precision [0.1668, 0.0859], Recall [0.2201, 0.5139], NDCG [0.2504, 0.3420]
2022-05-24 13:17:53,670 - root - INFO - Update Attention: Epoch 0123 | Total Time 0.2s
2022-05-24 13:17:53,670 - root - INFO - CF + KG Training: Epoch 0123 | Total Time 52.2s
2022-05-24 13:17:54,569 - root - INFO - CF Evaluation: Epoch 0123 | Total Time 0.9s | Precision [0.1677, 0.0860], Recall [0.2216, 0.5149], NDCG [0.2524, 0.3436]
2022-05-24 13:17:54,608 - root - INFO - Save model on epoch 0123!
2022-05-24 13:18:46,517 - root - INFO - Update Attention: Epoch 0124 | Total Time 0.2s
2022-05-24 13:18:46,518 - root - INFO - CF + KG Training: Epoch 0124 | Total Time 51.9s
2022-05-24 13:18:47,412 - root - INFO - CF Evaluation: Epoch 0124 | Total Time 0.9s | Precision [0.1683, 0.0861], Recall [0.2214, 0.5142], NDCG [0.2524, 0.3429]
2022-05-24 13:19:39,304 - root - INFO - Update Attention: Epoch 0125 | Total Time 0.2s
2022-05-24 13:19:39,304 - root - INFO - CF + KG Training: Epoch 0125 | Total Time 51.9s
2022-05-24 13:19:40,198 - root - INFO - CF Evaluation: Epoch 0125 | Total Time 0.9s | Precision [0.1681, 0.0859], Recall [0.2217, 0.5131], NDCG [0.2524, 0.3427]
2022-05-24 13:19:40,237 - root - INFO - Save model on epoch 0125!
2022-05-24 13:20:32,668 - root - INFO - Update Attention: Epoch 0126 | Total Time 0.2s
2022-05-24 13:20:32,668 - root - INFO - CF + KG Training: Epoch 0126 | Total Time 52.4s
2022-05-24 13:20:33,564 - root - INFO - CF Evaluation: Epoch 0126 | Total Time 0.9s | Precision [0.1680, 0.0858], Recall [0.2229, 0.5147], NDCG [0.2533, 0.3440]
2022-05-24 13:20:33,602 - root - INFO - Save model on epoch 0126!
2022-05-24 13:22:11,498 - root - INFO - Update Attention: Epoch 0127 | Total Time 0.2s
2022-05-24 13:22:11,498 - root - INFO - CF + KG Training: Epoch 0127 | Total Time 97.9s
2022-05-24 13:22:12,770 - root - INFO - CF Evaluation: Epoch 0127 | Total Time 1.3s | Precision [0.1687, 0.0862], Recall [0.2231, 0.5155], NDCG [0.2541, 0.3446]
2022-05-24 13:22:12,816 - root - INFO - Save model on epoch 0127!
2022-05-24 13:23:52,631 - root - INFO - Update Attention: Epoch 0128 | Total Time 0.2s
2022-05-24 13:23:52,631 - root - INFO - CF + KG Training: Epoch 0128 | Total Time 99.8s
2022-05-24 13:23:53,902 - root - INFO - CF Evaluation: Epoch 0128 | Total Time 1.3s | Precision [0.1686, 0.0862], Recall [0.2227, 0.5153], NDCG [0.2529, 0.3437]
2022-05-24 13:25:34,503 - root - INFO - Update Attention: Epoch 0129 | Total Time 0.2s
2022-05-24 13:25:34,503 - root - INFO - CF + KG Training: Epoch 0129 | Total Time 100.6s
2022-05-24 13:25:35,775 - root - INFO - CF Evaluation: Epoch 0129 | Total Time 1.3s | Precision [0.1688, 0.0862], Recall [0.2231, 0.5157], NDCG [0.2542, 0.3449]
2022-05-24 13:27:16,177 - root - INFO - Update Attention: Epoch 0130 | Total Time 0.2s
2022-05-24 13:27:16,177 - root - INFO - CF + KG Training: Epoch 0130 | Total Time 100.4s
2022-05-24 13:27:17,448 - root - INFO - CF Evaluation: Epoch 0130 | Total Time 1.3s | Precision [0.1696, 0.0864], Recall [0.2249, 0.5175], NDCG [0.2557, 0.3463]
2022-05-24 13:27:17,492 - root - INFO - Save model on epoch 0130!
