2022-05-16 12:26:35,543 - root - INFO - Namespace(seed=2019, data_name='naver-toy', data_dir='datasets/', use_pretrain=0, pretrain_embedding_dir='datasets/pretrain/', pretrain_model_path='trained_model/model.pth', cf_batch_size=1024, kg_batch_size=2048, test_batch_size=10000, embed_dim=64, relation_dim=64, laplacian_type='random-walk', aggregation_type='bi-interaction', conv_dim_list='[64, 32, 16]', mess_dropout='[0.1, 0.1, 0.1]', kg_l2loss_lambda=1e-05, cf_l2loss_lambda=1e-05, lr=0.0001, n_epoch=1000, stopping_steps=10, cf_print_every=1, kg_print_every=1, evaluate_every=10, Ks='[20, 40, 60, 80, 100]', save_dir='trained_model/KGAT/naver-toy/embed-dim64_relation-dim64_random-walk_bi-interaction_64-32-16_lr0.0001_pretrain0/')
2022-05-16 12:26:40,660 - root - INFO - n_users:           13498
2022-05-16 12:26:40,660 - root - INFO - n_items:           7285
2022-05-16 12:26:40,660 - root - INFO - n_entities:        7348
2022-05-16 12:26:40,660 - root - INFO - n_users_entities:  20846
2022-05-16 12:26:40,660 - root - INFO - n_relations:       8
2022-05-16 12:26:40,660 - root - INFO - n_h_list:          181028
2022-05-16 12:26:40,660 - root - INFO - n_t_list:          181028
2022-05-16 12:26:40,660 - root - INFO - n_r_list:          181028
2022-05-16 12:26:40,660 - root - INFO - n_cf_train:        68659
2022-05-16 12:26:40,660 - root - INFO - n_cf_test:         27569
2022-05-16 12:26:40,660 - root - INFO - n_kg_train:        181028
2022-05-16 12:26:43,130 - root - INFO - KGAT(
  (entity_user_embed): Embedding(20846, 64)
  (relation_embed): Embedding(8, 64)
  (aggregator_layers): ModuleList(
    (0): Aggregator(
      (message_dropout): Dropout(p=0.1, inplace=False)
      (activation): LeakyReLU(negative_slope=0.01)
      (linear1): Linear(in_features=64, out_features=64, bias=True)
      (linear2): Linear(in_features=64, out_features=64, bias=True)
    )
    (1): Aggregator(
      (message_dropout): Dropout(p=0.1, inplace=False)
      (activation): LeakyReLU(negative_slope=0.01)
      (linear1): Linear(in_features=64, out_features=32, bias=True)
      (linear2): Linear(in_features=64, out_features=32, bias=True)
    )
    (2): Aggregator(
      (message_dropout): Dropout(p=0.1, inplace=False)
      (activation): LeakyReLU(negative_slope=0.01)
      (linear1): Linear(in_features=32, out_features=16, bias=True)
      (linear2): Linear(in_features=32, out_features=16, bias=True)
    )
  )
)
2022-05-16 12:26:50,838 - root - INFO - Update Attention: Epoch 0001 | Total Time 0.0s
2022-05-16 12:26:50,838 - root - INFO - CF + KG Training: Epoch 0001 | Total Time 7.7s
