2022-05-20 19:10:21,694 - root - INFO - Namespace(seed=2019, data_name='movie-1m', data_dir='datasets/', use_pretrain=0, pretrain_embedding_dir='datasets/pretrain/', pretrain_model_path='trained_model/model.pth', cf_batch_size=1024, kg_batch_size=2048, test_batch_size=10000, embed_dim=64, relation_dim=64, laplacian_type='random-walk', aggregation_type='bi-interaction', conv_dim_list='[64, 32, 16]', mess_dropout='[0.1, 0.1, 0.1]', kg_l2loss_lambda=1e-05, cf_l2loss_lambda=1e-05, lr=0.0001, n_epoch=1000, stopping_steps=10, cf_print_every=1, kg_print_every=1, evaluate_every=10, Ks='[20, 40, 60, 80, 100]', save_dir='trained_model/KGAT/movie-1m/embed-dim64_relation-dim64_random-walk_bi-interaction_64-32-16_lr0.0001_pretrain0/')
2022-05-20 19:10:42,985 - root - INFO - n_users:           6036
2022-05-20 19:10:42,985 - root - INFO - n_items:           2478
2022-05-20 19:10:42,985 - root - INFO - n_entities:        47886
2022-05-20 19:10:42,985 - root - INFO - n_users_entities:  53922
2022-05-20 19:10:42,985 - root - INFO - n_relations:       52
2022-05-20 19:10:42,986 - root - INFO - n_h_list:          804912
2022-05-20 19:10:42,986 - root - INFO - n_t_list:          804912
2022-05-20 19:10:42,986 - root - INFO - n_r_list:          804912
2022-05-20 19:10:42,986 - root - INFO - n_cf_train:        261912
2022-05-20 19:10:42,986 - root - INFO - n_cf_test:         115903
2022-05-20 19:10:42,986 - root - INFO - n_kg_train:        804912
2022-05-20 19:10:46,458 - root - INFO - KGAT(
  (entity_user_embed): Embedding(53922, 64)
  (relation_embed): Embedding(52, 64)
  (aggregator_layers): ModuleList(
    (0): Aggregator(
      (message_dropout): Dropout(p=0.1, inplace=False)
      (activation): LeakyReLU(negative_slope=0.01)
      (linear1): Linear(in_features=64, out_features=64, bias=True)
      (linear2): Linear(in_features=64, out_features=64, bias=True)
    )
    (1): Aggregator(
      (message_dropout): Dropout(p=0.1, inplace=False)
      (activation): LeakyReLU(negative_slope=0.01)
      (linear1): Linear(in_features=64, out_features=32, bias=True)
      (linear2): Linear(in_features=64, out_features=32, bias=True)
    )
    (2): Aggregator(
      (message_dropout): Dropout(p=0.1, inplace=False)
      (activation): LeakyReLU(negative_slope=0.01)
      (linear1): Linear(in_features=32, out_features=16, bias=True)
      (linear2): Linear(in_features=32, out_features=16, bias=True)
    )
  )
)
2022-05-20 19:11:21,118 - root - INFO - Update Attention: Epoch 0001 | Total Time 0.1s
2022-05-20 19:11:21,118 - root - INFO - CF + KG Training: Epoch 0001 | Total Time 34.7s
2022-05-20 19:11:21,786 - root - INFO - CF Evaluation: Epoch 0001 | Total Time 0.7s | Precision [0.0270, 0.0237], Recall [0.0264, 0.1203], NDCG [0.0339, 0.0671]
2022-05-20 19:11:21,810 - root - INFO - Save model on epoch 0001!
